<?xml version="1.0" encoding="UTF-8"?>
<!-- Generated by org.testng.reporters.JUnitReportReporter -->
<testsuite skipped="0" hostname="LAPTOP-30SLKRRO" name="org.testngsample.TestNGGroup" tests="1" failures="0" timestamp="2021-08-12T15:45:23 IST" time="0.015" errors="0">
  <testcase name="test06" time="0.015" classname="org.testngsample.TestNGGroup"/>
  <system-out/>
</testsuite> <!-- org.testngsample.TestNGGroup -->
