<?xml version="1.0" encoding="UTF-8"?>
<!-- Generated by org.testng.reporters.JUnitReportReporter -->
<testsuite skipped="0" hostname="LAPTOP-30SLKRRO" name="org.testngsample.TestNGSample" tests="4" failures="0" timestamp="2021-08-12T10:24:29 IST" time="43.221" errors="0">
  <testcase name="test" time="6.369" classname="org.testngsample.TestNGSample"/>
  <system-out/>
  <testcase name="test" time="26.811" classname="org.testngsample.TestNGSample"/>
  <system-out/>
  <testcase name="test" time="4.589" classname="org.testngsample.TestNGSample"/>
  <system-out/>
  <testcase name="test" time="5.452" classname="org.testngsample.TestNGSample"/>
  <system-out/>
</testsuite> <!-- org.testngsample.TestNGSample -->
